2021/04/03 11:24:01 [INFO] Terraform version: 0.14.6  
2021/04/03 11:24:01 [INFO] Go runtime version: go1.15.6
2021/04/03 11:24:01 [INFO] CLI args: []string{"/usr/local/bin/terraform", "providers", "schema", "-json", "-no-color"}
2021/04/03 11:24:01 [DEBUG] Attempting to open CLI config file: /home/coney/.terraformrc
2021/04/03 11:24:01 [DEBUG] File doesn't exist, but doesn't need to. Ignoring.
2021/04/03 11:24:01 [DEBUG] Using modified User-Agent: HashiCorp Terraform/0.14.6 (+https://www.terraform.io) HashiCorp-terraform-exec/0.13.0
2021/04/03 11:24:01 [DEBUG] ignoring non-existing provider search directory terraform.d/plugins
2021/04/03 11:24:01 [DEBUG] ignoring non-existing provider search directory /home/coney/.terraform.d/plugins
2021/04/03 11:24:01 [DEBUG] ignoring non-existing provider search directory /home/coney/.local/share/terraform/plugins
2021/04/03 11:24:01 [DEBUG] ignoring non-existing provider search directory /usr/share/enlightenment/terraform/plugins
2021/04/03 11:24:01 [DEBUG] ignoring non-existing provider search directory /usr/local/share/terraform/plugins
2021/04/03 11:24:01 [DEBUG] ignoring non-existing provider search directory /usr/share/terraform/plugins
2021/04/03 11:24:01 [DEBUG] ignoring non-existing provider search directory /var/lib/snapd/desktop/terraform/plugins
2021/04/03 11:24:01 [INFO] CLI command args: []string{"providers", "schema", "-json", "-no-color"}
2021/04/03 11:24:01 [DEBUG] Using modified User-Agent: Terraform/0.14.6 HashiCorp-terraform-exec/0.13.0
2021/04/03 11:24:01 [DEBUG] Using modified User-Agent: HashiCorp Terraform/0.14.6 (+https://www.terraform.io) HashiCorp-terraform-exec/0.13.0
2021/04/03 11:24:02 [TRACE] Meta.Backend: BackendOpts.Config not set, so using settings loaded from backend.tf:2,3-20
2021/04/03 11:24:02 [TRACE] Meta.Backend: built configuration for "azurerm" backend with hash value 2084562799
2021/04/03 11:24:02 [TRACE] Preserving existing state lineage "7c171ead-1e98-0436-8b54-b8757578f11e"
2021/04/03 11:24:02 [TRACE] Preserving existing state lineage "7c171ead-1e98-0436-8b54-b8757578f11e"
2021/04/03 11:24:02 [TRACE] Meta.Backend: working directory was previously initialized for "azurerm" backend
2021/04/03 11:24:02 [TRACE] Meta.Backend: using already-initialized, unchanged "azurerm" backend configuration
2021/04/03 11:24:02 [TRACE] Meta.Backend: instantiated backend of type *azure.Backend
2021/04/03 11:24:02 [TRACE] providercache.fillMetaCache: scanning directory .terraform/providers
2021/04/03 11:24:02 [TRACE] getproviders.SearchLocalDirectory: .terraform/providers is a symlink to .terraform/providers
2021/04/03 11:24:02 [TRACE] getproviders.SearchLocalDirectory: found registry.terraform.io/hashicorp/azurerm v2.53.0 for linux_amd64 at .terraform/providers/registry.terraform.io/hashicorp/azurerm/2.53.0/linux_amd64
2021/04/03 11:24:02 [TRACE] getproviders.SearchLocalDirectory: found registry.terraform.io/hashicorp/local v2.1.0 for linux_amd64 at .terraform/providers/registry.terraform.io/hashicorp/local/2.1.0/linux_amd64
2021/04/03 11:24:02 [TRACE] providercache.fillMetaCache: including .terraform/providers/registry.terraform.io/hashicorp/azurerm/2.53.0/linux_amd64 as a candidate package for registry.terraform.io/hashicorp/azurerm 2.53.0
2021/04/03 11:24:02 [TRACE] providercache.fillMetaCache: including .terraform/providers/registry.terraform.io/hashicorp/local/2.1.0/linux_amd64 as a candidate package for registry.terraform.io/hashicorp/local 2.1.0
2021/04/03 11:24:03 [TRACE] providercache.fillMetaCache: using cached result from previous scan of .terraform/providers
2021/04/03 11:24:10 [DEBUG] checking for provisioner in "."
2021/04/03 11:24:10 [DEBUG] checking for provisioner in "/usr/local/bin"
2021/04/03 11:24:10 [INFO] Failed to read plugin lock file .terraform/plugins/linux_amd64/lock.json: open .terraform/plugins/linux_amd64/lock.json: no such file or directory
2021/04/03 11:24:10 [TRACE] Meta.Backend: backend *azure.Backend does not support operations, so wrapping it in a local backend
2021/04/03 11:24:10 [TRACE] backend/local: requesting state manager for workspace "default"
2021/04/03 11:24:10 [DEBUG] Using modified User-Agent: Terraform/0.14.6 HashiCorp-terraform-exec/0.13.0
2021/04/03 11:24:10 [TRACE] backend/local: requesting state lock for workspace "default"
2021/04/03 11:24:10 [TRACE] backend/local: reading remote state for workspace "default"
panic: runtime error: invalid memory address or nil pointer dereference
[signal SIGSEGV: segmentation violation code=0x1 addr=0x10 pc=0x139b55a]

goroutine 1 [running]:
github.com/hashicorp/terraform/backend/remote-state/azure.(*RemoteClient).Get(0xc0001d40f0, 0xc0008440f0, 0xc0000e6d00, 0xc00004c120)
	/home/circleci/project/project/backend/remote-state/azure/client.go:42 +0x17a
github.com/hashicorp/terraform/states/remote.(*State).refreshState(0xc00081d560, 0xc0008440f0, 0x43)
	/home/circleci/project/project/states/remote/state.go:111 +0x38
github.com/hashicorp/terraform/states/remote.(*State).RefreshState(0xc00081d560, 0x0, 0x0)
	/home/circleci/project/project/states/remote/state.go:104 +0x6c
github.com/hashicorp/terraform/backend/local.(*Local).context(0xc000801ad0, 0xc0000397a0, 0x0, 0x0, 0x0, 0x0, 0x0, 0x0, 0x0)
	/home/circleci/project/project/backend/local/backend_local.go:65 +0x5f3
github.com/hashicorp/terraform/backend/local.(*Local).Context(0xc000801ad0, 0xc0000397a0, 0x0, 0x0, 0xc000801ad0, 0x1, 0x0, 0x0)
	/home/circleci/project/project/backend/local/backend_local.go:33 +0x125
github.com/hashicorp/terraform/command.(*ProvidersSchemaCommand).Run(0xc0005656c0, 0xc00004c0d0, 0x1, 0x2, 0xc0005a9bc0)
	/home/circleci/project/project/command/providers_schema.go:92 +0x749
github.com/mitchellh/cli.(*CLI).Run(0xc00064d680, 0xc00064d680, 0xc00067dd48, 0x1)
	/go/pkg/mod/github.com/mitchellh/cli@v1.1.0/cli.go:260 +0x1cf
main.wrappedMain(0x0)
	/home/circleci/project/project/main.go:304 +0xe65
main.realMain(0x0)
	/home/circleci/project/project/main.go:106 +0xf1
main.main()
	/home/circleci/project/project/main.go:42 +0x3a
